  Source.cpp
C:\Program Files (x86)\Microsoft Visual Studio\2019\Community\VC\Tools\MSVC\14.29.30133\include\utility(193,54): warning C4244: инициализация: преобразование "_Ty" в "_Ty2", возможна потеря данных
          with
          [
              _Ty=double
          ]
          and
          [
              _Ty2=float
          ]
C:\Algorithms-and-data-structures\Algorithms-and-data-structures\Vector_pair\Vector_pair\Source.cpp(25): message : выполняется компиляция ссылки на экземпляр шаблон функции "std::pair<main::access,float>::pair<main::access,double,0>(_Other1 &&,_Other2 &&) noexcept"
          with
          [
              _Other1=main::access,
              _Other2=double
          ]
C:\Algorithms-and-data-structures\Algorithms-and-data-structures\Vector_pair\Vector_pair\Source.cpp(25): message : выполняется компиляция ссылки на экземпляр шаблон функции "std::pair<main::access,float>::pair<main::access,double,0>(_Other1 &&,_Other2 &&) noexcept"
          with
          [
              _Other1=main::access,
              _Other2=double
          ]
  Vector_pair.vcxproj -> C:\Algorithms-and-data-structures\Algorithms-and-data-structures\Vector_pair\Debug\Vector_pair.exe
